<?xml version="1.0" encoding="UTF-8"?>
<!-- Generated by org.testng.reporters.JUnitReportReporter -->
<testsuite hostname="DESKTOP-K5323UE" failures="0" tests="3" name="com.reqers.testcases.PATCH_UpdateUser_TestCase" time="0.021" errors="0" timestamp="2024-04-28T15:12:24 IST" skipped="0">
  <testcase classname="com.reqers.testcases.PATCH_UpdateUser_TestCase" name="checkResponseBody" time="0.004">
    <system-out>
      <![CDATA[Response Body is => io.restassured.internal.RestAssuredResponseImpl@6d672bd4]]>
    </system-out>
  </testcase> <!-- checkResponseBody -->
  <testcase classname="com.reqers.testcases.PATCH_UpdateUser_TestCase" name="checkStatusCode" time="0.002">
    <system-out>
      <![CDATA[Status Code is => 200]]>
    </system-out>
  </testcase> <!-- checkStatusCode -->
  <testcase classname="com.reqers.testcases.PATCH_UpdateUser_TestCase" name="checkStatusLine" time="0.015">
    <system-out>
      <![CDATA[Status Line is => HTTP/1.1 200 OK]]>
    </system-out>
  </testcase> <!-- checkStatusLine -->
  <system-out>
    <![CDATA[Response Body is => io.restassured.internal.RestAssuredResponseImpl@53d9826f
Status Code is => 404
Status Line is => HTTP/1.1 404 Not Found
Content Type is => application/json; charset=utf-8
Response Body is => io.restassured.internal.RestAssuredResponseImpl@4ef2ab73
Response Time is => 499
Response Time is < 2000 
Server Type is => cloudflare
Status Code is => 404
Status Line is => HTTP/1.1 404 Not Found
Response Body is => io.restassured.internal.RestAssuredResponseImpl@75b38c36
Status Code is => 201
Status Line is => HTTP/1.1 201 Created
Response Body is => io.restassured.internal.RestAssuredResponseImpl@6d672bd4
Status Code is => 200
Status Line is => HTTP/1.1 200 OK
Response Body is => io.restassured.internal.RestAssuredResponseImpl@4b8137c5
Status Code is => 400
Status Line is => HTTP/1.1 400 Bad Request
Content Type is => application/json; charset=utf-8
Response Body is => io.restassured.internal.RestAssuredResponseImpl@2f677247
Response Time is => 3447
Response Time is > 2000 
Server Type is => cloudflare
Status Code is => 200
Status Line is => HTTP/1.1 200 OK
Content Type is => application/json; charset=utf-8
Response Body is => io.restassured.internal.RestAssuredResponseImpl@d13960e
Response Time is => 440
Response Time is < 2000 
Server Type is => cloudflare
Status Code is => 200
Status Line is => HTTP/1.1 200 OK
Response Body is => io.restassured.internal.RestAssuredResponseImpl@4a9a878
Status Code is => 200
Status Line is => HTTP/1.1 200 OK
Content Type is => application/json
Response Body is => io.restassured.internal.RestAssuredResponseImpl@64e7d698
Response Time is => 1491
Response Time is < 2000 
Server Type is => nginx/1.21.6
Status Code is => 200
Status Line is => HTTP/1.1 200 OK
Response Body is => io.restassured.internal.RestAssuredResponseImpl@63fd4dda
Status Code is => 200
Status Line is => HTTP/1.1 200 OK
Response Body is => io.restassured.internal.RestAssuredResponseImpl@11d4d979
Status Code is => 400
Status Line is => HTTP/1.1 400 Bad Request
Content Type is => application/json; charset=utf-8
Response Body is => io.restassured.internal.RestAssuredResponseImpl@467045c4
Response Time is => 108
Response Time is < 2000 
Server Type is => cloudflare
Status Code is => 200
Status Line is => HTTP/1.1 200 OK
Response Body is => io.restassured.internal.RestAssuredResponseImpl@4017fe2c
Status Code is => 200
Status Line is => HTTP/1.1 200 OK
Content Type is => application/json; charset=utf-8
Response Body is => io.restassured.internal.RestAssuredResponseImpl@6274f21c
Response Time is => 417
Response Time is < 2000 
Server Type is => cloudflare
Status Code is => 200
Status Line is => HTTP/1.1 200 OK]]>
  </system-out>
</testsuite> <!-- com.reqers.testcases.PATCH_UpdateUser_TestCase -->
